[2022-10-23T21:34:11.638+0000] {taskinstance.py:1165} INFO - Dependencies all met for <TaskInstance: sales_datawarehouse.get_categorias manual__2022-10-23T21:31:53.932058+00:00 [queued]>
[2022-10-23T21:34:11.658+0000] {taskinstance.py:1165} INFO - Dependencies all met for <TaskInstance: sales_datawarehouse.get_categorias manual__2022-10-23T21:31:53.932058+00:00 [queued]>
[2022-10-23T21:34:11.659+0000] {taskinstance.py:1362} INFO - 
--------------------------------------------------------------------------------
[2022-10-23T21:34:11.660+0000] {taskinstance.py:1363} INFO - Starting attempt 2 of 2
[2022-10-23T21:34:11.661+0000] {taskinstance.py:1364} INFO - 
--------------------------------------------------------------------------------
[2022-10-23T21:34:11.690+0000] {taskinstance.py:1383} INFO - Executing <Task(PythonOperator): get_categorias> on 2022-10-23 21:31:53.932058+00:00
[2022-10-23T21:34:11.696+0000] {standard_task_runner.py:54} INFO - Started process 1923 to run task
[2022-10-23T21:34:11.701+0000] {standard_task_runner.py:82} INFO - Running: ['***', 'tasks', 'run', 'sales_datawarehouse', 'get_categorias', 'manual__2022-10-23T21:31:53.932058+00:00', '--job-id', '200', '--raw', '--subdir', 'DAGS_FOLDER/sales_dw.py', '--cfg-path', '/tmp/tmpffa7afld']
[2022-10-23T21:34:11.703+0000] {standard_task_runner.py:83} INFO - Job 200: Subtask get_categorias
[2022-10-23T21:34:11.705+0000] {dagbag.py:525} INFO - Filling up the DagBag from /opt/***/dags/sales_dw.py
[2022-10-23T21:34:12.653+0000] {task_command.py:384} INFO - Running <TaskInstance: sales_datawarehouse.get_categorias manual__2022-10-23T21:31:53.932058+00:00 [running]> on host 83cd0ab98720
[2022-10-23T21:34:12.808+0000] {taskinstance.py:1592} INFO - Exporting the following env vars:
AIRFLOW_CTX_DAG_OWNER=pedromenegat
AIRFLOW_CTX_DAG_ID=sales_datawarehouse
AIRFLOW_CTX_TASK_ID=get_categorias
AIRFLOW_CTX_EXECUTION_DATE=2022-10-23T21:31:53.932058+00:00
AIRFLOW_CTX_TRY_NUMBER=2
AIRFLOW_CTX_DAG_RUN_ID=manual__2022-10-23T21:31:53.932058+00:00
[2022-10-23T21:34:12.818+0000] {taskinstance.py:1851} ERROR - Task failed with exception
Traceback (most recent call last):
  File "/home/airflow/.local/lib/python3.7/site-packages/airflow/operators/python.py", line 175, in execute
    return_value = self.execute_callable()
  File "/home/airflow/.local/lib/python3.7/site-packages/airflow/operators/python.py", line 193, in execute_callable
    return self.python_callable(*self.op_args, **self.op_kwargs)
  File "/opt/airflow/dags/sales_dw.py", line 40, in get_categorias
    categorias = pq.read_pandas('C:/Users/Pedro Menegat/Desktop/JrDataEngineerTest/files/categoria.parquet').to_pandas()
  File "/home/airflow/.local/lib/python3.7/site-packages/pyarrow/parquet.py", line 1986, in read_pandas
    source, columns=columns, use_pandas_metadata=True, **kwargs
  File "/home/airflow/.local/lib/python3.7/site-packages/pyarrow/parquet.py", line 1915, in read_table
    coerce_int96_timestamp_unit=coerce_int96_timestamp_unit
  File "/home/airflow/.local/lib/python3.7/site-packages/pyarrow/parquet.py", line 1729, in __init__
    ignore_prefixes=ignore_prefixes)
  File "/home/airflow/.local/lib/python3.7/site-packages/pyarrow/dataset.py", line 680, in dataset
    return _filesystem_dataset(source, **kwargs)
  File "/home/airflow/.local/lib/python3.7/site-packages/pyarrow/dataset.py", line 425, in _filesystem_dataset
    fs, paths_or_selector = _ensure_single_source(source, filesystem)
  File "/home/airflow/.local/lib/python3.7/site-packages/pyarrow/dataset.py", line 401, in _ensure_single_source
    raise FileNotFoundError(path)
FileNotFoundError: C:/Users/Pedro Menegat/Desktop/JrDataEngineerTest/files/categoria.parquet
[2022-10-23T21:34:12.833+0000] {taskinstance.py:1406} INFO - Marking task as FAILED. dag_id=sales_datawarehouse, task_id=get_categorias, execution_date=20221023T213153, start_date=20221023T213411, end_date=20221023T213412
[2022-10-23T21:34:12.855+0000] {standard_task_runner.py:107} ERROR - Failed to execute job 200 for task get_categorias (C:/Users/Pedro Menegat/Desktop/JrDataEngineerTest/files/categoria.parquet; 1923)
[2022-10-23T21:34:12.878+0000] {local_task_job.py:164} INFO - Task exited with return code 1
[2022-10-23T21:34:12.910+0000] {local_task_job.py:273} INFO - 0 downstream tasks scheduled from follow-on schedule check
