[2022-10-23T21:31:16.422+0000] {taskinstance.py:1165} INFO - Dependencies all met for <TaskInstance: sales_datawarehouse.get_categorias manual__2022-10-23T21:29:02.516455+00:00 [queued]>
[2022-10-23T21:31:16.442+0000] {taskinstance.py:1165} INFO - Dependencies all met for <TaskInstance: sales_datawarehouse.get_categorias manual__2022-10-23T21:29:02.516455+00:00 [queued]>
[2022-10-23T21:31:16.443+0000] {taskinstance.py:1362} INFO - 
--------------------------------------------------------------------------------
[2022-10-23T21:31:16.444+0000] {taskinstance.py:1363} INFO - Starting attempt 2 of 2
[2022-10-23T21:31:16.444+0000] {taskinstance.py:1364} INFO - 
--------------------------------------------------------------------------------
[2022-10-23T21:31:16.477+0000] {taskinstance.py:1383} INFO - Executing <Task(PythonOperator): get_categorias> on 2022-10-23 21:29:02.516455+00:00
[2022-10-23T21:31:16.484+0000] {standard_task_runner.py:54} INFO - Started process 1723 to run task
[2022-10-23T21:31:16.489+0000] {standard_task_runner.py:82} INFO - Running: ['***', 'tasks', 'run', 'sales_datawarehouse', 'get_categorias', 'manual__2022-10-23T21:29:02.516455+00:00', '--job-id', '190', '--raw', '--subdir', 'DAGS_FOLDER/sales_dw.py', '--cfg-path', '/tmp/tmph7k5sr99']
[2022-10-23T21:31:16.493+0000] {standard_task_runner.py:83} INFO - Job 190: Subtask get_categorias
[2022-10-23T21:31:16.495+0000] {dagbag.py:525} INFO - Filling up the DagBag from /opt/***/dags/sales_dw.py
[2022-10-23T21:31:17.363+0000] {task_command.py:384} INFO - Running <TaskInstance: sales_datawarehouse.get_categorias manual__2022-10-23T21:29:02.516455+00:00 [running]> on host 83cd0ab98720
[2022-10-23T21:31:17.467+0000] {taskinstance.py:1592} INFO - Exporting the following env vars:
AIRFLOW_CTX_DAG_OWNER=pedromenegat
AIRFLOW_CTX_DAG_ID=sales_datawarehouse
AIRFLOW_CTX_TASK_ID=get_categorias
AIRFLOW_CTX_EXECUTION_DATE=2022-10-23T21:29:02.516455+00:00
AIRFLOW_CTX_TRY_NUMBER=2
AIRFLOW_CTX_DAG_RUN_ID=manual__2022-10-23T21:29:02.516455+00:00
[2022-10-23T21:31:17.478+0000] {taskinstance.py:1851} ERROR - Task failed with exception
Traceback (most recent call last):
  File "/home/airflow/.local/lib/python3.7/site-packages/airflow/operators/python.py", line 175, in execute
    return_value = self.execute_callable()
  File "/home/airflow/.local/lib/python3.7/site-packages/airflow/operators/python.py", line 193, in execute_callable
    return self.python_callable(*self.op_args, **self.op_kwargs)
  File "/opt/airflow/dags/sales_dw.py", line 41, in get_categorias
    categorias = pq.read_pandas("https://github.com/pedromenegat/JrDataEngineerTest/main/files/categoria.parquet?raw=true").to_pandas()
  File "/home/airflow/.local/lib/python3.7/site-packages/pyarrow/parquet.py", line 1986, in read_pandas
    source, columns=columns, use_pandas_metadata=True, **kwargs
  File "/home/airflow/.local/lib/python3.7/site-packages/pyarrow/parquet.py", line 1915, in read_table
    coerce_int96_timestamp_unit=coerce_int96_timestamp_unit
  File "/home/airflow/.local/lib/python3.7/site-packages/pyarrow/parquet.py", line 1729, in __init__
    ignore_prefixes=ignore_prefixes)
  File "/home/airflow/.local/lib/python3.7/site-packages/pyarrow/dataset.py", line 680, in dataset
    return _filesystem_dataset(source, **kwargs)
  File "/home/airflow/.local/lib/python3.7/site-packages/pyarrow/dataset.py", line 425, in _filesystem_dataset
    fs, paths_or_selector = _ensure_single_source(source, filesystem)
  File "/home/airflow/.local/lib/python3.7/site-packages/pyarrow/dataset.py", line 401, in _ensure_single_source
    raise FileNotFoundError(path)
FileNotFoundError: https://github.com/pedromenegat/JrDataEngineerTest/main/files/categoria.parquet?raw=true
[2022-10-23T21:31:17.495+0000] {taskinstance.py:1406} INFO - Marking task as FAILED. dag_id=sales_datawarehouse, task_id=get_categorias, execution_date=20221023T212902, start_date=20221023T213116, end_date=20221023T213117
[2022-10-23T21:31:17.512+0000] {standard_task_runner.py:107} ERROR - Failed to execute job 190 for task get_categorias (https://github.com/pedromenegat/JrDataEngineerTest/main/files/categoria.parquet?raw=true; 1723)
[2022-10-23T21:31:17.546+0000] {local_task_job.py:164} INFO - Task exited with return code 1
[2022-10-23T21:31:17.572+0000] {local_task_job.py:273} INFO - 0 downstream tasks scheduled from follow-on schedule check
